Using pre-set license
Built from '2020.3/staging' branch; Version is '2020.3.29f1 (2ff179115da0) revision 3142009'; Using compiler version '192528614'; Build Type 'Release'
OS: 'Windows 10  (10.0.19044) 64bit Professional' Language: 'en' Physical Memory: 8072 MB
BatchMode: 1, IsHumanControllingUs: 0, StartBugReporterOnCrash: 0, Is64bit: 1, IsPro: 0

COMMAND LINE ARGUMENTS:
C:\Program Files\Unity\Hub\Editor\2020.3.29f1\Editor\Unity.exe
-adb2
-batchMode
-noUpm
-name
AssetImportWorker0
-projectPath
C:/Users/user/Documents/CodeNinjas/MyUnity/EA-DroppingBombs1/EA-DroppingBombs1
-logFile
Logs/AssetImportWorker0.log
-srvPort
58004
Successfully changed project path to: C:/Users/user/Documents/CodeNinjas/MyUnity/EA-DroppingBombs1/EA-DroppingBombs1
C:/Users/user/Documents/CodeNinjas/MyUnity/EA-DroppingBombs1/EA-DroppingBombs1
Using Asset Import Pipeline V2.
